<?xml version="1.0" encoding="UTF-8"?>
<robot generator="Robot 3.1.2 (Python 3.8.0 on win32)" generated="20200426 12:57:25.923" rpa="false">
<suite id="s1" name="TestCases" source="C:\Users\user\PycharmProjects\AutomationRobot\TestCases">
<suite id="s1-s1" name="TC 001" source="C:\Users\user\PycharmProjects\AutomationRobot\TestCases\TC_001.robot">
<test id="s1-s1-t1" name="TC_001_Open Browser Functionality">
<kw name="Open Browser and Maximize" library="KeywordsLibrary">
<arguments>
<arg>${AppUrl}</arg>
<arg>${BrowserName}</arg>
</arguments>
<kw name="Open Browser" library="SeleniumLibrary">
<doc>Opens a new browser instance to the optional ``url``.</doc>
<arguments>
<arg>${Url}</arg>
<arg>${BName}</arg>
</arguments>
<msg timestamp="20200426 12:57:26.142" level="INFO">Opening browser 'gc' to base url 'https://thetestingworld.com/testings/'.</msg>
<status status="PASS" starttime="20200426 12:57:26.142" endtime="20200426 12:57:40.896"></status>
</kw>
<kw name="Maximize Browser Window" library="SeleniumLibrary">
<doc>Maximizes current browser window.</doc>
<status status="PASS" starttime="20200426 12:57:40.896" endtime="20200426 12:57:42.039"></status>
</kw>
<status status="PASS" starttime="20200426 12:57:26.142" endtime="20200426 12:57:42.039"></status>
</kw>
<status status="PASS" starttime="20200426 12:57:26.142" endtime="20200426 12:57:42.039" critical="yes"></status>
</test>
<test id="s1-s1-t2" name="TC_002_Enter Data Functionality">
<kw name="Enter Data in text felds" library="KeywordsLibrary">
<arguments>
<arg>${Username}</arg>
<arg>DeepaChander</arg>
</arguments>
<kw name="Wait Until Page Contains Element" library="SeleniumLibrary">
<doc>Waits until the element ``locator`` appears on the current page.</doc>
<arguments>
<arg>${locator}</arg>
</arguments>
<status status="PASS" starttime="20200426 12:57:42.039" endtime="20200426 12:57:42.054"></status>
</kw>
<kw name="Input Text" library="SeleniumLibrary">
<doc>Types the given ``text`` into the text field identified by ``locator``.</doc>
<arguments>
<arg>${locator}</arg>
<arg>${value}</arg>
</arguments>
<msg timestamp="20200426 12:57:42.054" level="INFO">Typing text 'DeepaChander' into text field 'fld_username'.</msg>
<status status="PASS" starttime="20200426 12:57:42.054" endtime="20200426 12:57:42.215"></status>
</kw>
<kw name="Log To Console" library="BuiltIn">
<doc>Logs the given message to the console.</doc>
<arguments>
<arg>Data entered in the text box, where the locator is ${locator}</arg>
</arguments>
<status status="PASS" starttime="20200426 12:57:42.215" endtime="20200426 12:57:42.215"></status>
</kw>
<status status="PASS" starttime="20200426 12:57:42.039" endtime="20200426 12:57:42.215"></status>
</kw>
<kw name="Enter Data in text felds" library="KeywordsLibrary">
<arguments>
<arg>${UserEmail}</arg>
<arg>DeepaChander@gmail.com</arg>
</arguments>
<kw name="Wait Until Page Contains Element" library="SeleniumLibrary">
<doc>Waits until the element ``locator`` appears on the current page.</doc>
<arguments>
<arg>${locator}</arg>
</arguments>
<status status="PASS" starttime="20200426 12:57:42.219" endtime="20200426 12:57:42.231"></status>
</kw>
<kw name="Input Text" library="SeleniumLibrary">
<doc>Types the given ``text`` into the text field identified by ``locator``.</doc>
<arguments>
<arg>${locator}</arg>
<arg>${value}</arg>
</arguments>
<msg timestamp="20200426 12:57:42.231" level="INFO">Typing text 'DeepaChander@gmail.com' into text field 'fld_email'.</msg>
<status status="PASS" starttime="20200426 12:57:42.231" endtime="20200426 12:57:42.419"></status>
</kw>
<kw name="Log To Console" library="BuiltIn">
<doc>Logs the given message to the console.</doc>
<arguments>
<arg>Data entered in the text box, where the locator is ${locator}</arg>
</arguments>
<status status="PASS" starttime="20200426 12:57:42.419" endtime="20200426 12:57:42.423"></status>
</kw>
<status status="PASS" starttime="20200426 12:57:42.219" endtime="20200426 12:57:42.423"></status>
</kw>
<kw name="Enter Data in text felds" library="KeywordsLibrary">
<arguments>
<arg>${UserPassword}</arg>
<arg>DeepaChander</arg>
</arguments>
<kw name="Wait Until Page Contains Element" library="SeleniumLibrary">
<doc>Waits until the element ``locator`` appears on the current page.</doc>
<arguments>
<arg>${locator}</arg>
</arguments>
<status status="PASS" starttime="20200426 12:57:42.423" endtime="20200426 12:57:42.435"></status>
</kw>
<kw name="Input Text" library="SeleniumLibrary">
<doc>Types the given ``text`` into the text field identified by ``locator``.</doc>
<arguments>
<arg>${locator}</arg>
<arg>${value}</arg>
</arguments>
<msg timestamp="20200426 12:57:42.439" level="INFO">Typing text 'DeepaChander' into text field 'fld_password'.</msg>
<status status="PASS" starttime="20200426 12:57:42.435" endtime="20200426 12:57:42.570"></status>
</kw>
<kw name="Log To Console" library="BuiltIn">
<doc>Logs the given message to the console.</doc>
<arguments>
<arg>Data entered in the text box, where the locator is ${locator}</arg>
</arguments>
<status status="PASS" starttime="20200426 12:57:42.570" endtime="20200426 12:57:42.570"></status>
</kw>
<status status="PASS" starttime="20200426 12:57:42.423" endtime="20200426 12:57:42.574"></status>
</kw>
<kw name="Enter Data in text felds" library="KeywordsLibrary">
<arguments>
<arg>${UserConfirmPassword}</arg>
<arg>DeepaChander</arg>
</arguments>
<kw name="Wait Until Page Contains Element" library="SeleniumLibrary">
<doc>Waits until the element ``locator`` appears on the current page.</doc>
<arguments>
<arg>${locator}</arg>
</arguments>
<status status="PASS" starttime="20200426 12:57:42.574" endtime="20200426 12:57:42.586"></status>
</kw>
<kw name="Input Text" library="SeleniumLibrary">
<doc>Types the given ``text`` into the text field identified by ``locator``.</doc>
<arguments>
<arg>${locator}</arg>
<arg>${value}</arg>
</arguments>
<msg timestamp="20200426 12:57:42.586" level="INFO">Typing text 'DeepaChander' into text field 'fld_cpassword'.</msg>
<status status="PASS" starttime="20200426 12:57:42.586" endtime="20200426 12:57:42.720"></status>
</kw>
<kw name="Log To Console" library="BuiltIn">
<doc>Logs the given message to the console.</doc>
<arguments>
<arg>Data entered in the text box, where the locator is ${locator}</arg>
</arguments>
<status status="PASS" starttime="20200426 12:57:42.720" endtime="20200426 12:57:42.720"></status>
</kw>
<status status="PASS" starttime="20200426 12:57:42.574" endtime="20200426 12:57:42.720"></status>
</kw>
<status status="PASS" starttime="20200426 12:57:42.039" endtime="20200426 12:57:42.720" critical="yes"></status>
</test>
<status status="PASS" starttime="20200426 12:57:25.954" endtime="20200426 12:57:42.720"></status>
</suite>
<status status="PASS" starttime="20200426 12:57:25.923" endtime="20200426 12:57:42.724"></status>
</suite>
<statistics>
<total>
<stat pass="2" fail="0">Critical Tests</stat>
<stat pass="2" fail="0">All Tests</stat>
</total>
<tag>
</tag>
<suite>
<stat pass="2" fail="0" id="s1" name="TestCases">TestCases</stat>
<stat pass="2" fail="0" id="s1-s1" name="TC 001">TestCases.TC 001</stat>
</suite>
</statistics>
<errors>
</errors>
</robot>
