<?xml version="1.0" encoding="UTF-8"?>
<robot generator="Robot 3.1.2 (Python 3.8.0 on win32)" generated="20200501 18:39:29.590" rpa="false">
<suite id="s1" name="TC 001" source="C:\Users\user\PycharmProjects\AutomationRobot\TestCases\TC_001.robot">
<test id="s1-t1" name="TC_001_Open Browser Functionality">
<kw name="Open Browser and Maximize" library="KeywordsLibrary">
<arguments>
<arg>${AppUrl}</arg>
<arg>${BrowserName}</arg>
</arguments>
<kw name="Open Browser" library="SeleniumLibrary">
<doc>Opens a new browser instance to the optional ``url``.</doc>
<arguments>
<arg>${Url}</arg>
<arg>${BName}</arg>
</arguments>
<msg timestamp="20200501 18:39:30.199" level="INFO">Opening browser 'gc' to base url 'https://thetestingworld.com/testings/'.</msg>
<status status="PASS" starttime="20200501 18:39:30.199" endtime="20200501 18:39:42.715"></status>
</kw>
<kw name="Maximize Browser Window" library="SeleniumLibrary">
<doc>Maximizes current browser window.</doc>
<status status="PASS" starttime="20200501 18:39:42.715" endtime="20200501 18:39:43.843"></status>
</kw>
<status status="PASS" starttime="20200501 18:39:30.199" endtime="20200501 18:39:43.843"></status>
</kw>
<status status="PASS" starttime="20200501 18:39:30.199" endtime="20200501 18:39:43.843" critical="yes"></status>
</test>
<test id="s1-t2" name="TC_002_Enter Data Functionality">
<kw name="Read Number of Rows" library="KeywordsLibrary">
<arguments>
<arg>Registration</arg>
</arguments>
<assign>
<var>${row}</var>
</assign>
<kw name="Fetch Number Of Rows" library="ReadExcelData">
<arguments>
<arg>${sheetname}</arg>
</arguments>
<assign>
<var>${maxr}</var>
</assign>
<msg timestamp="20200501 18:39:43.843" level="INFO">${maxr} = 4</msg>
<status status="PASS" starttime="20200501 18:39:43.843" endtime="20200501 18:39:43.843"></status>
</kw>
<msg timestamp="20200501 18:39:43.843" level="INFO">${row} = 4</msg>
<status status="PASS" starttime="20200501 18:39:43.843" endtime="20200501 18:39:43.843"></status>
</kw>
<kw name="${i} IN RANGE [ 2 | ${row}+1 ]" type="for">
<kw name="${i} = 2" type="foritem">
<kw name="Read Excel Cell Data" library="KeywordsLibrary">
<arguments>
<arg>Registration</arg>
<arg>${i}</arg>
<arg>1</arg>
</arguments>
<assign>
<var>${UsernameData}</var>
</assign>
<kw name="Fetch Cell Data" library="ReadExcelData">
<arguments>
<arg>${sheetname}</arg>
<arg>${row}</arg>
<arg>${cell}</arg>
</arguments>
<assign>
<var>${celldata}</var>
</assign>
<msg timestamp="20200501 18:39:43.843" level="INFO">${celldata} = DeepaChander</msg>
<status status="PASS" starttime="20200501 18:39:43.843" endtime="20200501 18:39:43.843"></status>
</kw>
<msg timestamp="20200501 18:39:43.843" level="INFO">${UsernameData} = DeepaChander</msg>
<status status="PASS" starttime="20200501 18:39:43.843" endtime="20200501 18:39:43.843"></status>
</kw>
<kw name="Read Excel Cell Data" library="KeywordsLibrary">
<arguments>
<arg>Registration</arg>
<arg>${i}</arg>
<arg>2</arg>
</arguments>
<assign>
<var>${UserEmailData}</var>
</assign>
<kw name="Fetch Cell Data" library="ReadExcelData">
<arguments>
<arg>${sheetname}</arg>
<arg>${row}</arg>
<arg>${cell}</arg>
</arguments>
<assign>
<var>${celldata}</var>
</assign>
<msg timestamp="20200501 18:39:43.843" level="INFO">${celldata} = DeepaChander@gmail.com</msg>
<status status="PASS" starttime="20200501 18:39:43.843" endtime="20200501 18:39:43.843"></status>
</kw>
<msg timestamp="20200501 18:39:43.843" level="INFO">${UserEmailData} = DeepaChander@gmail.com</msg>
<status status="PASS" starttime="20200501 18:39:43.843" endtime="20200501 18:39:43.843"></status>
</kw>
<kw name="Read Excel Cell Data" library="KeywordsLibrary">
<arguments>
<arg>Registration</arg>
<arg>${i}</arg>
<arg>3</arg>
</arguments>
<assign>
<var>${UserPassworData}</var>
</assign>
<kw name="Fetch Cell Data" library="ReadExcelData">
<arguments>
<arg>${sheetname}</arg>
<arg>${row}</arg>
<arg>${cell}</arg>
</arguments>
<assign>
<var>${celldata}</var>
</assign>
<msg timestamp="20200501 18:39:43.843" level="INFO">${celldata} = DeepaChander</msg>
<status status="PASS" starttime="20200501 18:39:43.843" endtime="20200501 18:39:43.843"></status>
</kw>
<msg timestamp="20200501 18:39:43.843" level="INFO">${UserPassworData} = DeepaChander</msg>
<status status="PASS" starttime="20200501 18:39:43.843" endtime="20200501 18:39:43.843"></status>
</kw>
<kw name="Read Excel Cell Data" library="KeywordsLibrary">
<arguments>
<arg>Registration</arg>
<arg>${i}</arg>
<arg>4</arg>
</arguments>
<assign>
<var>${UserConfirmPasswordData}</var>
</assign>
<kw name="Fetch Cell Data" library="ReadExcelData">
<arguments>
<arg>${sheetname}</arg>
<arg>${row}</arg>
<arg>${cell}</arg>
</arguments>
<assign>
<var>${celldata}</var>
</assign>
<msg timestamp="20200501 18:39:43.843" level="INFO">${celldata} = DeepaChander</msg>
<status status="PASS" starttime="20200501 18:39:43.843" endtime="20200501 18:39:43.843"></status>
</kw>
<msg timestamp="20200501 18:39:43.843" level="INFO">${UserConfirmPasswordData} = DeepaChander</msg>
<status status="PASS" starttime="20200501 18:39:43.843" endtime="20200501 18:39:43.843"></status>
</kw>
<kw name="Log To Console" library="BuiltIn">
<doc>Logs the given message to the console.</doc>
<arguments>
<arg>${UsernameData}</arg>
</arguments>
<status status="PASS" starttime="20200501 18:39:43.843" endtime="20200501 18:39:43.843"></status>
</kw>
<kw name="Log To Console" library="BuiltIn">
<doc>Logs the given message to the console.</doc>
<arguments>
<arg>${UserEmailData}</arg>
</arguments>
<status status="PASS" starttime="20200501 18:39:43.843" endtime="20200501 18:39:43.843"></status>
</kw>
<kw name="Log To Console" library="BuiltIn">
<doc>Logs the given message to the console.</doc>
<arguments>
<arg>${UserPassworData}</arg>
</arguments>
<status status="PASS" starttime="20200501 18:39:43.858" endtime="20200501 18:39:43.858"></status>
</kw>
<kw name="Log To Console" library="BuiltIn">
<doc>Logs the given message to the console.</doc>
<arguments>
<arg>${UserConfirmPasswordData}</arg>
</arguments>
<status status="PASS" starttime="20200501 18:39:43.858" endtime="20200501 18:39:43.858"></status>
</kw>
<kw name="Enter Data in text fields" library="KeywordsLibrary">
<arguments>
<arg>${Username}</arg>
<arg>${UsernameData}</arg>
</arguments>
<kw name="Wait Until Page Contains Element" library="SeleniumLibrary">
<doc>Waits until the element ``locator`` appears on the current page.</doc>
<arguments>
<arg>${locator}</arg>
</arguments>
<status status="PASS" starttime="20200501 18:39:43.858" endtime="20200501 18:39:43.874"></status>
</kw>
<kw name="Input Text" library="SeleniumLibrary">
<doc>Types the given ``text`` into the text field identified by ``locator``.</doc>
<arguments>
<arg>${locator}</arg>
<arg>${value}</arg>
</arguments>
<msg timestamp="20200501 18:39:43.874" level="INFO">Typing text 'DeepaChander' into text field 'fld_username'.</msg>
<status status="PASS" starttime="20200501 18:39:43.874" endtime="20200501 18:39:44.036"></status>
</kw>
<kw name="Log To Console" library="BuiltIn">
<doc>Logs the given message to the console.</doc>
<arguments>
<arg>Data entered in the text box, where the locator is ${locator}</arg>
</arguments>
<status status="PASS" starttime="20200501 18:39:44.036" endtime="20200501 18:39:44.037"></status>
</kw>
<status status="PASS" starttime="20200501 18:39:43.858" endtime="20200501 18:39:44.037"></status>
</kw>
<kw name="Enter Data in text fields" library="KeywordsLibrary">
<arguments>
<arg>${UserEmail}</arg>
<arg>${UserEmailData}</arg>
</arguments>
<kw name="Wait Until Page Contains Element" library="SeleniumLibrary">
<doc>Waits until the element ``locator`` appears on the current page.</doc>
<arguments>
<arg>${locator}</arg>
</arguments>
<status status="PASS" starttime="20200501 18:39:44.038" endtime="20200501 18:39:44.054"></status>
</kw>
<kw name="Input Text" library="SeleniumLibrary">
<doc>Types the given ``text`` into the text field identified by ``locator``.</doc>
<arguments>
<arg>${locator}</arg>
<arg>${value}</arg>
</arguments>
<msg timestamp="20200501 18:39:44.055" level="INFO">Typing text 'DeepaChander@gmail.com' into text field 'fld_email'.</msg>
<status status="PASS" starttime="20200501 18:39:44.054" endtime="20200501 18:39:44.241"></status>
</kw>
<kw name="Log To Console" library="BuiltIn">
<doc>Logs the given message to the console.</doc>
<arguments>
<arg>Data entered in the text box, where the locator is ${locator}</arg>
</arguments>
<status status="PASS" starttime="20200501 18:39:44.241" endtime="20200501 18:39:44.242"></status>
</kw>
<status status="PASS" starttime="20200501 18:39:44.037" endtime="20200501 18:39:44.242"></status>
</kw>
<kw name="Enter Data in text fields" library="KeywordsLibrary">
<arguments>
<arg>${UserPassword}</arg>
<arg>${UserPassworData}</arg>
</arguments>
<kw name="Wait Until Page Contains Element" library="SeleniumLibrary">
<doc>Waits until the element ``locator`` appears on the current page.</doc>
<arguments>
<arg>${locator}</arg>
</arguments>
<status status="PASS" starttime="20200501 18:39:44.242" endtime="20200501 18:39:44.257"></status>
</kw>
<kw name="Input Text" library="SeleniumLibrary">
<doc>Types the given ``text`` into the text field identified by ``locator``.</doc>
<arguments>
<arg>${locator}</arg>
<arg>${value}</arg>
</arguments>
<msg timestamp="20200501 18:39:44.258" level="INFO">Typing text 'DeepaChander' into text field 'fld_password'.</msg>
<status status="PASS" starttime="20200501 18:39:44.258" endtime="20200501 18:39:44.393"></status>
</kw>
<kw name="Log To Console" library="BuiltIn">
<doc>Logs the given message to the console.</doc>
<arguments>
<arg>Data entered in the text box, where the locator is ${locator}</arg>
</arguments>
<status status="PASS" starttime="20200501 18:39:44.393" endtime="20200501 18:39:44.393"></status>
</kw>
<status status="PASS" starttime="20200501 18:39:44.242" endtime="20200501 18:39:44.394"></status>
</kw>
<kw name="Enter Data in text fields" library="KeywordsLibrary">
<arguments>
<arg>${UserConfirmPassword}</arg>
<arg>${UserConfirmPasswordData}</arg>
</arguments>
<kw name="Wait Until Page Contains Element" library="SeleniumLibrary">
<doc>Waits until the element ``locator`` appears on the current page.</doc>
<arguments>
<arg>${locator}</arg>
</arguments>
<status status="PASS" starttime="20200501 18:39:44.395" endtime="20200501 18:39:44.408"></status>
</kw>
<kw name="Input Text" library="SeleniumLibrary">
<doc>Types the given ``text`` into the text field identified by ``locator``.</doc>
<arguments>
<arg>${locator}</arg>
<arg>${value}</arg>
</arguments>
<msg timestamp="20200501 18:39:44.408" level="INFO">Typing text 'DeepaChander' into text field 'fld_cpassword'.</msg>
<status status="PASS" starttime="20200501 18:39:44.408" endtime="20200501 18:39:44.542"></status>
</kw>
<kw name="Log To Console" library="BuiltIn">
<doc>Logs the given message to the console.</doc>
<arguments>
<arg>Data entered in the text box, where the locator is ${locator}</arg>
</arguments>
<status status="PASS" starttime="20200501 18:39:44.542" endtime="20200501 18:39:44.543"></status>
</kw>
<status status="PASS" starttime="20200501 18:39:44.394" endtime="20200501 18:39:44.543"></status>
</kw>
<kw name="Checkbox Should Be Selected" library="SeleniumLibrary">
<doc>Verifies checkbox ``locator`` is selected/checked.</doc>
<arguments>
<arg>${T&amp;C}</arg>
</arguments>
<msg timestamp="20200501 18:39:44.543" level="INFO">Verifying checkbox '//input[@type='checkbox' or @name='terms']' is selected.</msg>
<kw name="Capture Page Screenshot" library="SeleniumLibrary">
<doc>Takes a screenshot of the current page and embeds it into a log file.</doc>
<msg timestamp="20200501 18:39:45.627" level="INFO" html="yes">&lt;/td&gt;&lt;/tr&gt;&lt;tr&gt;&lt;td colspan="3"&gt;&lt;a href="selenium-screenshot-5.png"&gt;&lt;img src="selenium-screenshot-5.png" width="800px"&gt;&lt;/a&gt;</msg>
<status status="PASS" starttime="20200501 18:39:44.967" endtime="20200501 18:39:45.627"></status>
</kw>
<msg timestamp="20200501 18:39:46.102" level="FAIL">Checkbox '//input[@type='checkbox' or @name='terms']' should have been selected but was not.</msg>
<status status="FAIL" starttime="20200501 18:39:44.543" endtime="20200501 18:39:46.102"></status>
</kw>
<status status="FAIL" starttime="20200501 18:39:43.843" endtime="20200501 18:39:46.102"></status>
</kw>
<status status="FAIL" starttime="20200501 18:39:43.843" endtime="20200501 18:39:46.102"></status>
</kw>
<status status="FAIL" starttime="20200501 18:39:43.843" endtime="20200501 18:39:46.102" critical="yes">Checkbox '//input[@type='checkbox' or @name='terms']' should have been selected but was not.</status>
</test>
<status status="FAIL" starttime="20200501 18:39:29.590" endtime="20200501 18:39:46.102"></status>
</suite>
<statistics>
<total>
<stat pass="1" fail="1">Critical Tests</stat>
<stat pass="1" fail="1">All Tests</stat>
</total>
<tag>
</tag>
<suite>
<stat pass="1" fail="1" id="s1" name="TC 001">TC 001</stat>
</suite>
</statistics>
<errors>
</errors>
</robot>
